[    0.000000] Linux version 4.15.0-161-generic (buildd@lcy01-amd64-012) (gcc version 7.5.0 (Ubuntu 7.5.0-3ubuntu1~18.04)) #169-Ubuntu SMP Fri Oct 15 13:41:54 UTC 2021 (Ubuntu 4.15.0-161.169-generic 4.15.18)
[    0.000000] Command line: BOOT_IMAGE=/boot/vmlinuz-4.15.0-161-generic root=UUID=a4056382-77dc-4c4a-af07-f6da07ee2111 ro console=tty1 console=ttyS0
[    0.000000] KERNEL supported cpus:
[    0.000000]   Intel GenuineIntel
[    0.000000]   AMD AuthenticAMD
[    0.000000]   Centaur CentaurHauls
[    0.000000] x86/fpu: Supporting XSAVE feature 0x001: 'x87 floating point registers'
[    0.000000] x86/fpu: Supporting XSAVE feature 0x002: 'SSE registers'
[    0.000000] x86/fpu: Supporting XSAVE feature 0x004: 'AVX registers'
[    0.000000] x86/fpu: xstate_offset[2]:  576, xstate_sizes[2]:  256
[    0.000000] x86/fpu: Enabled xstate features 0x7, context size is 832 bytes, using 'standard' format.
[    0.000000] e820: BIOS-provided physical RAM map:
[    0.000000] BIOS-e820: [mem 0x0000000000000000-0x000000000009fbff] usable
[    0.000000] BIOS-e820: [mem 0x000000000009fc00-0x000000000009ffff] reserved
[    0.000000] BIOS-e820: [mem 0x00000000000f0000-0x00000000000fffff] reserved
[    0.000000] BIOS-e820: [mem 0x0000000000100000-0x000000007ffeffff] usable
[    0.000000] BIOS-e820: [mem 0x000000007fff0000-0x000000007fffffff] ACPI data
[    0.000000] BIOS-e820: [mem 0x00000000fec00000-0x00000000fec00fff] reserved
[    0.000000] BIOS-e820: [mem 0x00000000fee00000-0x00000000fee00fff] reserved
[    0.000000] BIOS-e820: [mem 0x00000000fffc0000-0x00000000ffffffff] reserved
[    0.000000] NX (Execute Disable) protection: active
[    0.000000] SMBIOS 2.5 present.
[    0.000000] DMI: innotek GmbH VirtualBox/VirtualBox, BIOS VirtualBox 12/01/2006
[    0.000000] Hypervisor detected: KVM
[    0.000000] e820: last_pfn = 0x7fff0 max_arch_pfn = 0x400000000
[    0.000000] MTRR: Disabled
[    0.000000] x86/PAT: MTRRs disabled, skipping PAT initialization too.
[    0.000000] CPU MTRRs all blank - virtualized system.
[    0.000000] x86/PAT: Configuration [0-7]: WB  WT  UC- UC  WB  WT  UC- UC  
[    0.000000] found SMP MP-table at [mem 0x0009fff0-0x0009ffff]
[    0.000000] Scanning 1 areas for low memory corruption
[    0.000000] RAMDISK: [mem 0x3581d000-0x36c05fff]
[    0.000000] ACPI: Early table checksum verification disabled
[    0.000000] ACPI: RSDP 0x00000000000E0000 000024 (v02 VBOX  )
[    0.000000] ACPI: XSDT 0x000000007FFF0030 00003C (v01 VBOX   VBOXXSDT 00000001 ASL  00000061)
[    0.000000] ACPI: FACP 0x000000007FFF00F0 0000F4 (v04 VBOX   VBOXFACP 00000001 ASL  00000061)
[    0.000000] ACPI: DSDT 0x000000007FFF0470 002325 (v02 VBOX   VBOXBIOS 00000002 INTL 20100528)
[    0.000000] ACPI: FACS 0x000000007FFF0200 000040
[    0.000000] ACPI: FACS 0x000000007FFF0200 000040
[    0.000000] ACPI: APIC 0x000000007FFF0240 00005C (v02 VBOX   VBOXAPIC 00000001 ASL  00000061)
[    0.000000] ACPI: SSDT 0x000000007FFF02A0 0001CC (v01 VBOX   VBOXCPUT 00000002 INTL 20100528)
[    0.000000] ACPI: Reserving FACP table memory at [mem 0x7fff00f0-0x7fff01e3]
[    0.000000] ACPI: Reserving DSDT table memory at [mem 0x7fff0470-0x7fff2794]
[    0.000000] ACPI: Reserving FACS table memory at [mem 0x7fff0200-0x7fff023f]
[    0.000000] ACPI: Reserving FACS table memory at [mem 0x7fff0200-0x7fff023f]
[    0.000000] ACPI: Reserving APIC table memory at [mem 0x7fff0240-0x7fff029b]
[    0.000000] ACPI: Reserving SSDT table memory at [mem 0x7fff02a0-0x7fff046b]
[    0.000000] No NUMA configuration found
[    0.000000] Faking a node at [mem 0x0000000000000000-0x000000007ffeffff]
[    0.000000] NODE_DATA(0) allocated [mem 0x7ffc5000-0x7ffeffff]
[    0.000000] kvm-clock: cpu 0, msr 0:7ff44001, primary cpu clock
[    0.000000] kvm-clock: Using msrs 4b564d01 and 4b564d00
[    0.000000] kvm-clock: using sched offset of 4342466161 cycles
[    0.000000] clocksource: kvm-clock: mask: 0xffffffffffffffff max_cycles: 0x1cd42e4dffb, max_idle_ns: 881590591483 ns
[    0.000000] Zone ranges:
[    0.000000]   DMA      [mem 0x0000000000001000-0x0000000000ffffff]
[    0.000000]   DMA32    [mem 0x0000000001000000-0x000000007ffeffff]
[    0.000000]   Normal   empty
[    0.000000]   Device   empty
[    0.000000] Movable zone start for each node
[    0.000000] Early memory node ranges
[    0.000000]   node   0: [mem 0x0000000000001000-0x000000000009efff]
[    0.000000]   node   0: [mem 0x0000000000100000-0x000000007ffeffff]
[    0.000000] Reserved but unavailable: 104 pages
[    0.000000] Initmem setup node 0 [mem 0x0000000000001000-0x000000007ffeffff]
[    0.000000] ACPI: PM-Timer IO Port: 0x4008
[    0.000000] IOAPIC[0]: apic_id 2, version 32, address 0xfec00000, GSI 0-23
[    0.000000] ACPI: INT_SRC_OVR (bus 0 bus_irq 0 global_irq 2 dfl dfl)
[    0.000000] ACPI: INT_SRC_OVR (bus 0 bus_irq 9 global_irq 9 low level)
[    0.000000] Using ACPI (MADT) for SMP configuration information
[    0.000000] smpboot: Allowing 2 CPUs, 0 hotplug CPUs
[    0.000000] PM: Registered nosave memory: [mem 0x00000000-0x00000fff]
[    0.000000] PM: Registered nosave memory: [mem 0x0009f000-0x0009ffff]
[    0.000000] PM: Registered nosave memory: [mem 0x000a0000-0x000effff]
[    0.000000] PM: Registered nosave memory: [mem 0x000f0000-0x000fffff]
[    0.000000] e820: [mem 0x80000000-0xfebfffff] available for PCI devices
[    0.000000] Booting paravirtualized kernel on KVM
[    0.000000] clocksource: refined-jiffies: mask: 0xffffffff max_cycles: 0xffffffff, max_idle_ns: 7645519600211568 ns
[    0.000000] random: get_random_bytes called from start_kernel+0x99/0x500 with crng_init=0
[    0.000000] setup_percpu: NR_CPUS:8192 nr_cpumask_bits:2 nr_cpu_ids:2 nr_node_ids:1
[    0.000000] percpu: Embedded 45 pages/cpu s147456 r8192 d28672 u1048576
[    0.000000] PV qspinlock hash table entries: 256 (order: 0, 4096 bytes)
[    0.000000] Built 1 zonelists, mobility grouping on.  Total pages: 515961
[    0.000000] Policy zone: DMA32
[    0.000000] Kernel command line: BOOT_IMAGE=/boot/vmlinuz-4.15.0-161-generic root=UUID=a4056382-77dc-4c4a-af07-f6da07ee2111 ro console=tty1 console=ttyS0
[    0.000000] Memory: 2014040K/2096696K available (12300K kernel code, 2483K rwdata, 4320K rodata, 2448K init, 2724K bss, 82656K reserved, 0K cma-reserved)
[    0.000000] SLUB: HWalign=64, Order=0-3, MinObjects=0, CPUs=2, Nodes=1
[    0.000000] Kernel/User page tables isolation: enabled
[    0.000000] ftrace: allocating 39475 entries in 155 pages
[    0.004000] Hierarchical RCU implementation.
[    0.004000] 	RCU restricting CPUs from NR_CPUS=8192 to nr_cpu_ids=2.
[    0.004000] 	Tasks RCU enabled.
[    0.004000] RCU: Adjusting geometry for rcu_fanout_leaf=16, nr_cpu_ids=2
[    0.004000] NR_IRQS: 524544, nr_irqs: 440, preallocated irqs: 16
[    0.004000] Console: colour VGA+ 80x25
[    0.004000] console [tty1] enabled
[    0.004000] console [ttyS0] enabled
[    0.004000] ACPI: Core revision 20170831
[    0.004000] ACPI: 2 ACPI AML tables successfully acquired and loaded
[    0.004000] APIC: Switch to symmetric I/O mode setup
[    0.004000] x2apic enabled
[    0.004000] Switched APIC routing to physical x2apic.
[    0.004000] ..TIMER: vector=0x30 apic1=0 pin1=2 apic2=-1 pin2=-1
[    0.004004] tsc: Detected 2591.996 MHz processor
[    0.008010] Calibrating delay loop (skipped) preset value.. 5183.99 BogoMIPS (lpj=10367984)
[    0.010135] pid_max: default: 32768 minimum: 301
[    0.011300] Security Framework initialized
[    0.012002] Yama: becoming mindful.
[    0.012933] AppArmor: AppArmor initialized
[    0.016142] Dentry cache hash table entries: 262144 (order: 9, 2097152 bytes)
[    0.020020] Inode-cache hash table entries: 131072 (order: 8, 1048576 bytes)
[    0.021719] Mount-cache hash table entries: 4096 (order: 3, 32768 bytes)
[    0.024006] Mountpoint-cache hash table entries: 4096 (order: 3, 32768 bytes)
[    0.026084] Last level iTLB entries: 4KB 64, 2MB 8, 4MB 8
[    0.027414] Last level dTLB entries: 4KB 64, 2MB 0, 4MB 0, 1GB 4
[    0.028002] Spectre V1 : Mitigation: usercopy/swapgs barriers and __user pointer sanitization
[    0.030154] Spectre V2 : Mitigation: Full generic retpoline
[    0.032002] Spectre V2 : Spectre v2 / SpectreRSB mitigation: Filling RSB on context switch
[    0.033980] Speculative Store Bypass: Vulnerable
[    0.035150] SRBDS: Unknown: Dependent on hypervisor status
[    0.036001] MDS: Mitigation: Clear CPU buffers
[    0.037565] Freeing SMP alternatives memory: 36K
[    0.150608] smpboot: CPU0: Intel(R) Core(TM) i7-6500U CPU @ 2.50GHz (family: 0x6, model: 0x4e, stepping: 0x3)
[    0.152000] Performance Events: unsupported p6 CPU model 78 no PMU driver, software events only.
[    0.152032] Hierarchical SRCU implementation.
[    0.156588] NMI watchdog: Perf event create on CPU 0 failed with -2
[    0.158939] NMI watchdog: Perf NMI watchdog permanently disabled
[    0.160041] smp: Bringing up secondary CPUs ...
[    0.161490] x86: Booting SMP configuration:
[    0.164002] .... node  #0, CPUs:      #1
[    0.004000] kvm-clock: cpu 1, msr 0:7ff44041, secondary cpu clock
[    0.168019] smp: Brought up 1 node, 2 CPUs
[    0.169265] smpboot: Max logical packages: 1
[    0.170503] smpboot: Total of 2 processors activated (10367.98 BogoMIPS)
[    0.172123] devtmpfs: initialized
[    0.173044] x86/mm: Memory block size: 128MB
[    0.176219] evm: security.selinux
[    0.177299] evm: security.SMACK64
[    0.178400] evm: security.SMACK64EXEC
[    0.179384] evm: security.SMACK64TRANSMUTE
[    0.180003] evm: security.SMACK64MMAP
[    0.181125] evm: security.apparmor
[    0.182161] evm: security.ima
[    0.183211] evm: security.capability
[    0.184116] clocksource: jiffies: mask: 0xffffffff max_cycles: 0xffffffff, max_idle_ns: 7645041785100000 ns
[    0.186707] futex hash table entries: 512 (order: 3, 32768 bytes)
[    0.188042] pinctrl core: initialized pinctrl subsystem
[    0.189601] RTC time: 14:19:13, date: 11/02/21
[    0.192209] NET: Registered protocol family 16
[    0.193756] audit: initializing netlink subsys (disabled)
[    0.196026] audit: type=2000 audit(1635862759.103:1): state=initialized audit_enabled=0 res=1
[    0.198112] cpuidle: using governor ladder
[    0.198112] cpuidle: using governor menu
[    0.200040] ACPI: bus type PCI registered
[    0.201386] acpiphp: ACPI Hot Plug PCI Controller Driver version: 0.5
[    0.204021] PCI: Using configuration type 1 for base access
[    0.208061] HugeTLB registered 2.00 MiB page size, pre-allocated 0 pages
[    0.212064] ACPI: Added _OSI(Module Device)
[    0.213351] ACPI: Added _OSI(Processor Device)
[    0.214725] ACPI: Added _OSI(3.0 _SCP Extensions)
[    0.216000] ACPI: Added _OSI(Processor Aggregator Device)
[    0.216010] ACPI: Added _OSI(Linux-Dell-Video)
[    0.217279] ACPI: Added _OSI(Linux-Lenovo-NV-HDMI-Audio)
[    0.220002] ACPI: Added _OSI(Linux-HPI-Hybrid-Graphics)
[    0.221951] ACPI: Executed 1 blocks of module-level executable AML code
[    0.229180] ACPI: Interpreter enabled
[    0.230311] ACPI: (supports S0 S5)
[    0.231541] ACPI: Using IOAPIC for interrupt routing
[    0.232359] PCI: Using host bridge windows from ACPI; if necessary, use "pci=nocrs" and report a bug
[    0.235317] ACPI: Enabled 2 GPEs in block 00 to 07
[    0.245556] ACPI: PCI Root Bridge [PCI0] (domain 0000 [bus 00-ff])
[    0.247254] acpi PNP0A03:00: _OSC: OS supports [ASPM ClockPM Segments MSI]
[    0.248674] acpi PNP0A03:00: _OSC: not requesting OS control; OS requires [ExtendedConfig ASPM ClockPM MSI]
[    0.252015] acpi PNP0A03:00: fail to add MMCONFIG information, can't access extended PCI configuration space under this bridge.
[    0.255202] PCI host bridge to bus 0000:00
[    0.256003] pci_bus 0000:00: root bus resource [io  0x0000-0x0cf7 window]
[    0.257638] pci_bus 0000:00: root bus resource [io  0x0d00-0xffff window]
[    0.259338] pci_bus 0000:00: root bus resource [mem 0x000a0000-0x000bffff window]
[    0.260003] pci_bus 0000:00: root bus resource [mem 0x80000000-0xfdffffff window]
[    0.264003] pci_bus 0000:00: root bus resource [bus 00-ff]
[    0.269997] pci 0000:00:01.1: legacy IDE quirk: reg 0x10: [io  0x01f0-0x01f7]
[    0.272002] pci 0000:00:01.1: legacy IDE quirk: reg 0x14: [io  0x03f6]
[    0.274068] pci 0000:00:01.1: legacy IDE quirk: reg 0x18: [io  0x0170-0x0177]
[    0.276002] pci 0000:00:01.1: legacy IDE quirk: reg 0x1c: [io  0x0376]
[    0.314239] pci 0000:00:07.0: quirk: [io  0x4000-0x403f] claimed by PIIX4 ACPI
[    0.316000] pci 0000:00:07.0: quirk: [io  0x4100-0x410f] claimed by PIIX4 SMB
[    0.341594] ACPI: PCI Interrupt Link [LNKA] (IRQs 5 9 10 *11)
[    0.343450] ACPI: PCI Interrupt Link [LNKB] (IRQs 5 9 *10 11)
[    0.344161] ACPI: PCI Interrupt Link [LNKC] (IRQs 5 *9 10 11)
[    0.345673] ACPI: PCI Interrupt Link [LNKD] (IRQs 5 9 10 *11)
[    0.348296] SCSI subsystem initialized
[    0.349385] pci 0000:00:02.0: vgaarb: setting as boot VGA device
[    0.349496] pci 0000:00:02.0: vgaarb: VGA device added: decodes=io+mem,owns=io+mem,locks=none
[    0.352004] pci 0000:00:02.0: vgaarb: bridge control possible
[    0.353403] vgaarb: loaded
[    0.354167] ACPI: bus type USB registered
[    0.356020] usbcore: registered new interface driver usbfs
[    0.357346] usbcore: registered new interface driver hub
[    0.358627] usbcore: registered new device driver usb
[    0.360067] EDAC MC: Ver: 3.0.0
[    0.361142] PCI: Using ACPI for IRQ routing
[    0.361436] NetLabel: Initializing
[    0.364003] NetLabel:  domain hash size = 128
[    0.365107] NetLabel:  protocols = UNLABELED CIPSOv4 CALIPSO
[    0.366480] NetLabel:  unlabeled traffic allowed by default
[    0.368073] clocksource: Switched to clocksource kvm-clock
[    0.385731] VFS: Disk quotas dquot_6.6.0
[    0.387177] VFS: Dquot-cache hash table entries: 512 (order 0, 4096 bytes)
[    0.389369] AppArmor: AppArmor Filesystem Enabled
[    0.390957] pnp: PnP ACPI init
[    0.393870] pnp: PnP ACPI: found 3 devices
[    0.403821] clocksource: acpi_pm: mask: 0xffffff max_cycles: 0xffffff, max_idle_ns: 2085701024 ns
[    0.406334] NET: Registered protocol family 2
[    0.407667] IP idents hash table entries: 32768 (order: 6, 262144 bytes)
[    0.410038] TCP established hash table entries: 16384 (order: 5, 131072 bytes)
[    0.412216] TCP bind hash table entries: 16384 (order: 6, 262144 bytes)
[    0.416024] TCP: Hash tables configured (established 16384 bind 16384)
[    0.418011] UDP hash table entries: 1024 (order: 3, 32768 bytes)
[    0.419715] UDP-Lite hash table entries: 1024 (order: 3, 32768 bytes)
[    0.421769] NET: Registered protocol family 1
[    0.422989] pci 0000:00:00.0: Limiting direct PCI/PCI transfers
[    0.424756] pci 0000:00:01.0: Activating ISA DMA hang workarounds
[    0.426637] pci 0000:00:02.0: Video device with shadowed ROM at [mem 0x000c0000-0x000dffff]
[    0.429051] Unpacking initramfs...
[    0.789515] Freeing initrd memory: 20388K
[    0.790921] clocksource: tsc: mask: 0xffffffffffffffff max_cycles: 0x255cb30caa3, max_idle_ns: 440795217292 ns
[    0.793847] platform rtc_cmos: registered platform RTC device (no PNP device found)
[    0.796605] Scanning for low memory corruption every 60 seconds
[    0.799348] Initialise system trusted keyrings
[    0.800731] Key type blacklist registered
[    0.802124] workingset: timestamp_bits=36 max_order=19 bucket_order=0
[    0.805128] zbud: loaded
[    0.806627] squashfs: version 4.0 (2009/01/31) Phillip Lougher
[    0.808711] fuse init (API version 7.26)
[    0.815422] Key type asymmetric registered
[    0.816915] Asymmetric key parser 'x509' registered
[    0.818421] Block layer SCSI generic (bsg) driver version 0.4 loaded (major 246)
[    0.820655] io scheduler noop registered
[    0.821869] io scheduler deadline registered
[    0.823221] io scheduler cfq registered (default)
[    0.825057] ACPI: AC Adapter [AC] (on-line)
[    0.826374] input: Power Button as /devices/LNXSYSTM:00/LNXPWRBN:00/input/input0
[    0.828710] ACPI: Power Button [PWRF]
[    0.829892] input: Sleep Button as /devices/LNXSYSTM:00/LNXSLPBN:00/input/input1
[    0.832072] ACPI: Sleep Button [SLPF]
[    0.834414] ACPI: Battery Slot [BAT0] (battery present)
[    0.836356] Serial: 8250/16550 driver, 32 ports, IRQ sharing enabled
[    0.866059] 00:02: ttyS0 at I/O 0x3f8 (irq = 4, base_baud = 115200) is a 16550A
[    0.873628] Linux agpgart interface v0.103
[    0.876474] loop: module loaded
[    0.877936] scsi host0: ata_piix
[    0.878933] scsi host1: ata_piix
[    0.879798] ata1: PATA max UDMA/33 cmd 0x1f0 ctl 0x3f6 bmdma 0xd000 irq 14
[    0.881482] ata2: PATA max UDMA/33 cmd 0x170 ctl 0x376 bmdma 0xd008 irq 15
[    0.883203] libphy: Fixed MDIO Bus: probed
[    0.884265] tun: Universal TUN/TAP device driver, 1.6
[    0.885754] PPP generic driver version 2.4.2
[    0.887089] ehci_hcd: USB 2.0 'Enhanced' Host Controller (EHCI) Driver
[    0.888807] ehci-pci: EHCI PCI platform driver
[    0.890046] ehci-platform: EHCI generic platform driver
[    0.891448] ohci_hcd: USB 1.1 'Open' Host Controller (OHCI) Driver
[    0.893137] ohci-pci: OHCI PCI platform driver
[    0.894367] ohci-platform: OHCI generic platform driver
[    0.895793] uhci_hcd: USB Universal Host Controller Interface driver
[    0.897727] i8042: PNP: PS/2 Controller [PNP0303:PS2K,PNP0f03:PS2M] at 0x60,0x64 irq 1,12
[    0.900532] serio: i8042 KBD port at 0x60,0x64 irq 1
[    0.901959] serio: i8042 AUX port at 0x60,0x64 irq 12
[    0.903630] mousedev: PS/2 mouse device common for all mice
[    0.906274] rtc_cmos rtc_cmos: rtc core: registered rtc_cmos as rtc0
[    0.907880] input: AT Translated Set 2 keyboard as /devices/platform/i8042/serio0/input/input2
[    0.910402] rtc_cmos rtc_cmos: alarms up to one day, 114 bytes nvram
[    0.912117] i2c /dev entries driver
[    0.913331] device-mapper: uevent: version 1.0.3
[    0.914986] device-mapper: ioctl: 4.37.0-ioctl (2017-09-20) initialised: dm-devel@redhat.com
[    0.917345] ledtrig-cpu: registered to indicate activity on CPUs
[    0.919213] NET: Registered protocol family 10
[    0.924613] Segment Routing with IPv6
[    0.925753] NET: Registered protocol family 17
[    0.927258] Key type dns_resolver registered
[    0.928756] mce: Using 0 MCE banks
[    0.929886] RAS: Correctable Errors collector initialized.
[    0.931288] sched_clock: Marking stable (928719564, 0)->(1247215299, -318495735)
[    0.933960] registered taskstats version 1
[    0.935015] Loading compiled-in X.509 certificates
[    0.939019] Loaded X.509 cert 'Build time autogenerated kernel key: 1542c441293f32312405dc023a70312e7f0d3f0a'
[    0.945104] Loaded X.509 cert 'Canonical Ltd. Live Patch Signing: 14df34d1a87cf37625abec039ef2bf521249b969'
[    0.948315] Loaded X.509 cert 'Canonical Ltd. Kernel Module Signing: 88f752e560a1e0737e31163a466ad7b70a850c19'
[    0.951166] zswap: loaded using pool lzo/zbud
[    0.956277] Key type big_key registered
[    0.957360] Key type trusted registered
[    0.960308] Key type encrypted registered
[    0.961598] AppArmor: AppArmor sha1 policy hashing enabled
[    0.963082] ima: No TPM chip found, activating TPM-bypass! (rc=-19)
[    0.964759] ima: Allocated hash algorithm: sha1
[    0.966049] evm: HMAC attrs: 0x1
[    0.967370]   Magic number: 13:934:332
[    0.968563] tty tty53: hash matches
[    0.969687] rtc_cmos rtc_cmos: setting system clock to 2021-11-02 14:19:14 UTC (1635862754)
[    0.972344] BIOS EDD facility v0.16 2004-Jun-25, 0 devices found
[    0.974127] EDD information not available.
[    1.068204] Freeing unused kernel image memory: 2448K
[    1.080302] Write protecting the kernel read-only data: 20480k
[    1.082854] Freeing unused kernel image memory: 2008K
[    1.084645] Freeing unused kernel image memory: 1824K
[    1.096977] x86/mm: Checked W+X mappings: passed, no W+X pages found.
[    1.098889] x86/mm: Checking user space page tables
[    1.111199] x86/mm: Checked W+X mappings: passed, no W+X pages found.
Loading, please wait...
starting version 237
[    1.206005] e1000: Intel(R) PRO/1000 Network Driver - version 7.3.21-k8-NAPI
[    1.207704] e1000: Copyright (c) 1999-2006 Intel Corporation.
[    1.228935] Fusion MPT base driver 3.04.20
[    1.230170] Copyright (c) 1999-2008 LSI Corporation
[    1.254647] AVX2 version of gcm_enc/dec engaged.
[    1.256128] AES CTR mode by8 optimization enabled
[    1.259557] Fusion MPT SPI Host driver 3.04.20
[    1.446053] input: ImExPS/2 Generic Explorer Mouse as /devices/platform/i8042/serio1/input/input4
[    1.659784] e1000 0000:00:03.0 eth0: (PCI:33MHz:32-bit) 02:9f:d3:59:7e:90
[    1.661770] e1000 0000:00:03.0 eth0: Intel(R) PRO/1000 Network Connection
[    1.664850] mptbase: ioc0: Initiating bringup
[    1.760487] ioc0: LSI53C1030 A0: Capabilities={Initiator}
[    2.018998] scsi host2: ioc0: LSI53C1030 A0, FwRev=00000000h, Ports=1, MaxQ=256, IRQ=20
[    2.189193] scsi 2:0:0:0: Direct-Access     VBOX     HARDDISK         1.0  PQ: 0 ANSI: 5
[    2.225491] scsi target2:0:0: Beginning Domain Validation
[    2.285421] scsi target2:0:0: Domain Validation skipping write tests
[    2.287211] scsi target2:0:0: Ending Domain Validation
[    2.289044] scsi target2:0:0: asynchronous
[    2.304274] scsi 2:0:1:0: Direct-Access     VBOX     HARDDISK         1.0  PQ: 0 ANSI: 5
[    2.576062] scsi target2:0:1: Beginning Domain Validation
[    2.579807] random: fast init done
[    2.581459] scsi target2:0:1: Domain Validation skipping write tests
[    2.583362] scsi target2:0:1: Ending Domain Validation
[    2.584899] scsi target2:0:1: asynchronous
[    2.590699] random: systemd-udevd: uninitialized urandom read (16 bytes read)
[    2.592896] random: systemd-udevd: uninitialized urandom read (16 bytes read)
[    2.594794] random: systemd-udevd: uninitialized urandom read (16 bytes read)
[    2.598975] sd 2:0:0:0: Attached scsi generic sg0 type 0
[    2.600458] sd 2:0:1:0: Attached scsi generic sg1 type 0
[    2.602106] sd 2:0:0:0: [sda] 83886080 512-byte logical blocks: (42.9 GB/40.0 GiB)
[    2.604655] sd 2:0:0:0: [sda] Write Protect is off
[    2.606009] sd 2:0:0:0: [sda] Incomplete mode parameter data
[    2.606598] e1000 0000:00:08.0 eth1: (PCI:33MHz:32-bit) 08:00:27:d3:9f:82
[    2.607461] sd 2:0:0:0: [sda] Assuming drive cache: write through
[    2.610025] e1000 0000:00:08.0 eth1: Intel(R) PRO/1000 Network Connection
[    2.610249] sd 2:0:1:0: [sdb] 20480 512-byte logical blocks: (10.5 MB/10.0 MiB)
[    2.616519] sd 2:0:1:0: [sdb] Write Protect is off
[    2.617364] e1000 0000:00:08.0 enp0s8: renamed from eth1
[    2.619924] sd 2:0:1:0: [sdb] Incomplete mode parameter data
[    2.622437] sd 2:0:1:0: [sdb] Assuming drive cache: write through
[    2.626934]  sda: sda1
[    2.628590] sd 2:0:0:0: [sda] Attached SCSI disk
[    2.638198] e1000 0000:00:03.0 enp0s3: renamed from eth0
[    2.645446] sd 2:0:1:0: [sdb] Attached SCSI disk
Begin: Loading essential drivers ... [    4.340134] raid6: sse2x1   gen()  7114 MB/s
[    4.388062] raid6: sse2x1   xor()  6271 MB/s
[    4.436078] raid6: sse2x2   gen() 12387 MB/s
[    4.484036] raid6: sse2x2   xor()  6257 MB/s
[    4.532077] raid6: sse2x4   gen() 14101 MB/s
[    4.580082] raid6: sse2x4   xor()  8658 MB/s
[    4.628052] raid6: avx2x1   gen() 17852 MB/s
[    4.676067] raid6: avx2x1   xor() 14341 MB/s
[    4.724086] raid6: avx2x2   gen() 23586 MB/s
[    4.772069] raid6: avx2x2   xor() 15315 MB/s
[    4.820091] raid6: avx2x4   gen() 27804 MB/s
[    4.868066] raid6: avx2x4   xor() 17129 MB/s
[    4.869350] raid6: using algorithm avx2x4 gen() 27804 MB/s
[    4.870847] raid6: .... xor() 17129 MB/s, rmw enabled
[    4.872291] raid6: using avx2x2 recovery algorithm
[    4.874915] xor: automatically using best checksumming function   avx       
[    4.877909] async_tx: api initialized (async)
done.
Begin: Running /scripts/init-premount ... done.
Begin: Mounting root file system ... Begin: Running /scripts/local-top ... done.
Begin: Running /scripts/local-premount ... [    4.931592] Btrfs loaded, crc32c=crc32c-intel
Scanning for Btrfs filesystems
done.
Begin: Will now check root file system ... fsck from util-linux 2.31.1
[/sbin/fsck.ext4 (1) -- /dev/sda1] fsck.ext4 -a -C0 /dev/sda1 
cloudimg-rootfs: recovering journal
cloudimg-rootfs: Clearing orphaned inode 1025873 (uid=0, gid=0, mode=0100666, size=0)
cloudimg-rootfs: Clearing orphaned inode 257 (uid=0, gid=0, mode=0100644, size=201)
cloudimg-rootfs: Clearing orphaned inode 151 (uid=111, gid=116, mode=0100600, size=0)
cloudimg-rootfs: Clearing orphaned inode 1661 (uid=111, gid=116, mode=0100600, size=0)
cloudimg-rootfs: Clearing orphaned inode 1280 (uid=111, gid=116, mode=0100600, size=0)
cloudimg-rootfs: Clearing orphaned inode 1121 (uid=111, gid=116, mode=0100600, size=109)
cloudimg-rootfs: Clearing orphaned inode 1001 (uid=111, gid=116, mode=0100600, size=0)
cloudimg-rootfs: clean, 120211/5120000 files, 2026073/10485499 blocks
done.
[    5.751320] EXT4-fs (sda1): mounted filesystem with ordered data mode. Opts: (null)
done.
Begin: Running /scripts/local-bottom ... done.
Begin: Running /scripts/init-bottom ... done.
[    6.810232] random: crng init done
[    6.811646] random: 7 urandom warning(s) missed due to ratelimiting
[    7.343734] ip_tables: (C) 2000-2006 Netfilter Core Team
[    7.498196] systemd[1]: systemd 237 running in system mode. (+PAM +AUDIT +SELINUX +IMA +APPARMOR +SMACK +SYSVINIT +UTMP +LIBCRYPTSETUP +GCRYPT +GNUTLS +ACL +XZ +LZ4 +SECCOMP +BLKID +ELFUTILS +KMOD -IDN2 +IDN -PCRE2 default-hierarchy=hybrid)
[    7.505663] systemd[1]: Detected virtualization oracle.
[    7.508296] systemd[1]: Detected architecture x86-64.

Welcome to [1mUbuntu 18.04.6 LTS[0m!

[    7.566337] systemd[1]: Set hostname to <ubuntu-bionic>.
[   10.374623] systemd[1]: Created slice User and Session Slice.
[[0;32m  OK  [0m] Created slice User and Session Slice.
[   10.377389] systemd[1]: Reached target Swap.
[[0;32m  OK  [0m] Reached target Swap.
[   10.389418] systemd[1]: Set up automount Arbitrary Executable File Formats File System Automount Point.
[[0;32m  OK  [0m] Set up automount Arbitrary Executab…rmats File System Automount Point.
[   10.394602] systemd[1]: Created slice System Slice.
[[0;32m  OK  [0m] Created slice System Slice.
[   10.397377] systemd[1]: Listening on LVM2 metadata daemon socket.
[[0;32m  OK  [0m] Listening on LVM2 metadata daemon socket.
[   10.400348] systemd[1]: Reached target Slices.
[[0;32m  OK  [0m] Reached target Slices.
[[0;32m  OK  [0m] Listening on LVM2 poll daemon socket.
[[0;32m  OK  [0m] Listening on Device-mapper event daemon FIFOs.
[[0;32m  OK  [0m] Listening on /dev/initctl Compatibility Named Pipe.
[[0;32m  OK  [0m] Listening on Journal Audit Socket.
[[0;32m  OK  [0m] Listening on udev Kernel Socket.
[[0;32m  OK  [0m] Listening on Journal Socket (/dev/log).
[[0;32m  OK  [0m] Listening on Journal Socket.
         Starting Uncomplicated firewall...
         Mounting POSIX Message Queue File System...
         Starting Monitoring of LVM2 mirrors…ng dmeventd or progress polling...
         Starting Set the console keyboard layout...
         Mounting Kernel Debug File System...
         Starting Load Kernel Modules...
[[0;32m  OK  [0m] Reached target System Time Synchronized.
[[0;32m  OK  [0m] Started Forward Password Requests to Wall Directory Watch.
[[0;32m  OK  [0m] Listening on udev Control Socket.
         Starting udev Coldplug all Devices...
         Mounting Huge Pages File System...
[[0;32m  OK  [0m] Reached target User and Group Name Lookups.
[[0;32m  OK  [0m] Created slice system-serial\x2dgetty.slice.
[[0;32m  OK  [0m] Listening on Network Service Netlink Socket.
         Starting Create list of required st…ce nodes for the current kernel...
[[0;32m  OK  [0m] Listening on Syslog Socket.
         Starting Journal Service...
[[0;32m  OK  [0m] Listening on fsck to fsckd communication Socket.
         Starting Remount Root and Kernel File Systems...
[[0;32m  OK  [0m] Started Uncomplicated firewall.
[[0;32m  OK  [0m] Mounted POSIX Message Queue File System.
[[0;32m  OK  [0m] Mounted Kernel Debug File System.
[[0;32m  OK  [0m] Mounted Huge Pages File System.
[[0;32m  OK  [0m] Started Create list of required sta…vice nodes for the current kernel.
         Starting Create Static Device Nodes in /dev...
[[0;32m  OK  [0m] Started udev Coldplug all Devices.
[   10.768688] Loading iSCSI transport class v2.0-870.
[[0;32m  OK  [0m] Started LVM2 metadata daemon.
[[0;32m  OK  [0m] Started Journal Service.
[   10.979024] EXT4-fs (sda1): re-mounted. Opts: (null)
[[0;32m  OK  [0m] Started Remount Root and Kernel File Systems.
         Starting Flush Journal to Persistent Storage...
         Starting Load/Save Random Seed...
[   11.015143] iscsi: registered transport (tcp)
[[0;32m  OK  [0m] Started Load/Save Random Seed.
[   11.234909] systemd-journald[422]: Received request to flush runtime journal from PID 1
[[0;32m  OK  [0m] Started Monitoring of LVM2 mirrors,…sing dmeventd or progress polling.
[[0;32m  OK  [0m] Started Set the console keyboard layout.
[   11.460818] iscsi: registered transport (iser)
[   11.487465] arp_tables: arp_tables: (C) 2002 David S. Miller
[[0;32m  OK  [0m] Started Create Static Device Nodes in /dev.
         Starting udev Kernel Device Manager...
[[0;32m  OK  [0m] Reached target Local File Systems (Pre).
[[0;32m  OK  [0m] Reached target Local File Systems.
         Starting AppArmor initialization...
         Starting Tell Plymouth To Write Out Runtime Data...
         Starting Set console font and keymap...
         Starting ebtables ruleset management...
[   11.612313] bridge: filtering via arp/ip/ip6tables is no longer available by default. Update your scripts to load br_netfilter if you need this.
[   11.888672] Bridge firewalling registered
[   11.903295] systemd-journald[422]: File /var/log/journal/f3e6b33028704fada64bc3814b833707/system.journal corrupted or uncleanly shut down, renaming and replacing.
[   11.966267] ip6_tables: (C) 2000-2006 Netfilter Core Team
         Mounting Mount unit for snapd, revision 13640...
         Mounting Mount unit for docker, revision 1125...
         Mounting Mount unit for snapd, revision 13270...
         Mounting Mount unit for core18, revision 2246...
         Mounting Mount unit for core18, revision 2128...
[[0;32m  OK  [0m] Started Tell Plymouth To Write Out Runtime Data.
[[0;32m  OK  [0m] Started Set console font and keymap.
[[0;32m  OK  [0m] Mounted Mount unit for snapd, revision 13640.
[[0;32m  OK  [0m] Mounted Mount unit for docker, revision 1125.
[[0;32m  OK  [0m] Mounted Mount unit for snapd, revision 13270.
[[0;32m  OK  [0m] Mounted Mount unit for core18, revision 2246.
[[0;32m  OK  [0m] Mounted Mount unit for core18, revision 2128.
[[0;32m  OK  [0m] Started Load Kernel Modules.
         Starting Apply Kernel Variables...
         Mounting FUSE Control File System...
         Mounting Kernel Configuration File System...
[[0;32m  OK  [0m] Mounted FUSE Control File System.
[[0;32m  OK  [0m] Mounted Kernel Configuration File System.
[[0;32m  OK  [0m] Started Apply Kernel Variables.
[[0;32m  OK  [0m] Started ebtables ruleset management.
[[0;32m  OK  [0m] Started udev Kernel Device Manager.
[[0;32m  OK  [0m] Started Dispatch Password Requests to Console Directory Watch.
[[0;32m  OK  [0m] Reached target Local Encrypted Volumes.
[[0;32m  OK  [0m] Started Flush Journal to Persistent Storage.
         Starting Create Volatile Files and Directories...
[[0;32m  OK  [0m] Started Create Volatile Files and Directories.
         Starting Update UTMP about System Boot/Shutdown...
[[0;32m  OK  [0m] Found device /dev/ttyS0.
[[0;32m  OK  [0m] Started Update UTMP about System Boot/Shutdown.
[[0;32m  OK  [0m] Listening on Load/Save RF Kill Switch Status /dev/rfkill Watch.
[[0;32m  OK  [0m] Started AppArmor initialization.
         Starting Load AppArmor profiles managed internally by snapd...
         Starting Initial cloud-init job (pre-networking)...
[[0;32m  OK  [0m] Started Load AppArmor profiles managed internally by snapd.
[   22.927014] cloud-init[608]: Cloud-init v. 21.3-1-g6803368d-0ubuntu1~18.04.4 running 'init-local' at Tue, 02 Nov 2021 14:19:35 +0000. Up 22.40 seconds.
[[0;32m  OK  [0m] Started Initial cloud-init job (pre-networking).
[[0;32m  OK  [0m] Reached target Network (Pre).
         Starting Network Service...
[[0;32m  OK  [0m] Started Network Service.
         Starting Network Name Resolution...
         Starting Wait for Network to be Configured...
[[0;32m  OK  [0m] Started Network Name Resolution.
[[0;32m  OK  [0m] Reached target Network.
[[0;32m  OK  [0m] Reached target Host and Network Name Lookups.
[[0;32m  OK  [0m] Started Wait for Network to be Configured.
         Starting Initial cloud-init job (metadata service crawler)...
[   25.397390] cloud-init[761]: Cloud-init v. 21.3-1-g6803368d-0ubuntu1~18.04.4 running 'init' at Tue, 02 Nov 2021 14:19:38 +0000. Up 25.12 seconds.
[   25.401012] cloud-init[761]: ci-info: ++++++++++++++++++++++++++++++++++++++Net device info+++++++++++++++++++++++++++++++++++++++
[   25.403978] cloud-init[761]: ci-info: +--------+------+-----------------------------+---------------+--------+-------------------+
[   25.406495] cloud-init[761]: ci-info: | Device |  Up  |           Address           |      Mask     | Scope  |     Hw-Address    |
[   25.408779] cloud-init[761]: ci-info: +--------+------+-----------------------------+---------------+--------+-------------------+
[   25.411013] cloud-init[761]: ci-info: | enp0s3 | True |          10.0.2.15          | 255.255.255.0 | global | 02:9f:d3:59:7e:90 |
[   25.413355] cloud-init[761]: ci-info: | enp0s3 | True |  fe80::9f:d3ff:fe59:7e90/64 |       .       |  link  | 02:9f:d3:59:7e:90 |
[   25.416208] cloud-init[761]: ci-info: | enp0s8 | True |          172.16.2.9         | 255.255.255.0 | global | 08:00:27:d3:9f:82 |
[   25.418366] cloud-init[761]: ci-info: | enp0s8 | True | fe80::a00:27ff:fed3:9f82/64 |       .       |  link  | 08:00:27:d3:9f:82 |
[   25.421734] cloud-init[761]: ci-info: |   lo   | True |          127.0.0.1          |   255.0.0.0   |  host  |         .         |
[   25.424355] cloud-init[761]: ci-info: |   lo   | True |           ::1/128           |       .       |  host  |         .         |
[   25.426622] cloud-init[761]: ci-info: +--------+------+-----------------------------+---------------+--------+-------------------+
[   25.428981] cloud-init[761]: ci-info: ++++++++++++++++++++++++++++Route IPv4 info+++++++++++++++++++++++++++++
[   25.431808] cloud-init[761]: ci-info: +-------+-------------+----------+-----------------+-----------+-------+
[   25.434586] cloud-init[761]: ci-info: | Route | Destination | Gateway  |     Genmask     | Interface | Flags |
[   25.436849] cloud-init[761]: ci-info: +-------+-------------+----------+-----------------+-----------+-------+
[   25.439746] cloud-init[761]: ci-info: |   0   |   0.0.0.0   | 10.0.2.2 |     0.0.0.0     |   enp0s3  |   UG  |
[   25.441597] cloud-init[761]: ci-info: |   1   |   10.0.2.0  | 0.0.0.0  |  255.255.255.0  |   enp0s3  |   U   |
[   25.443241] cloud-init[761]: ci-info: |   2   |   10.0.2.2  | 0.0.0.0  | 255.255.255.255 |   enp0s3  |   UH  |
[   25.445016] cloud-init[761]: ci-info: |   3   |  172.16.2.0 | 0.0.0.0  |  255.255.255.0  |   enp0s8  |   U   |
[   25.446964] cloud-init[761]: ci-info: +-------+-------------+----------+-----------------+-----------+-------+
[   25.449700] cloud-init[761]: ci-info: +++++++++++++++++++Route IPv6 info+++++++++++++++++++
[   25.451687] cloud-init[761]: ci-info: +-------+-------------+---------+-----------+-------+
[   25.453608] cloud-init[761]: ci-info: | Route | Destination | Gateway | Interface | Flags |
[   25.455322] cloud-init[761]: ci-info: +-------+-------------+---------+-----------+-------+
[   25.457248] cloud-init[761]: ci-info: |   1   |  fe80::/64  |    ::   |   enp0s8  |   U   |
[   25.459170] cloud-init[761]: ci-info: |   2   |  fe80::/64  |    ::   |   enp0s3  |   U   |
[   25.461585] cloud-init[761]: ci-info: |   4   |    local    |    ::   |   enp0s3  |   U   |
[   25.463847] cloud-init[761]: ci-info: |   5   |    local    |    ::   |   enp0s8  |   U   |
[   25.465705] cloud-init[761]: ci-info: |   6   |   ff00::/8  |    ::   |   enp0s8  |   U   |
[   25.470008] cloud-init[761]: ci-info: |   7   |   ff00::/8  |    ::   |   enp0s3  |   U   |
[   25.472287] cloud-init[761]: ci-info: +-------+-------------+---------+-----------+-------+
[[0;32m  OK  [0m] Started Initial cloud-init job (metadata service crawler).
[[0;32m  OK  [0m] Reached target Cloud-config availability.
[[0;32m  OK  [0m] Reached target System Initialization.
[[0;32m  OK  [0m] Started Message of the Day.
[[0;32m  OK  [0m] Listening on ACPID Listen Socket.
[[0;32m  OK  [0m] Listening on Open-iSCSI iscsid Socket.
[[0;32m  OK  [0m] Listening on UUID daemon activation socket.
[[0;32m  OK  [0m] Listening on D-Bus System Message Bus Socket.
         Starting LXD - unix socket.
[[0;32m  OK  [0m] Started Ubuntu Advantage update messaging.
[[0;32m  OK  [0m] Started Discard unused blocks once a week.
[[0;32m  OK  [0m] Started Daily Cleanup of Temporary Directories.
         Starting Socket activation for snappy daemon.
[[0;32m  OK  [0m] Started Daily apt download activities.
[[0;32m  OK  [0m] Started Clean PHP session files every 30 mins.
[[0;32m  OK  [0m] Started ACPI Events Check.
[[0;32m  OK  [0m] Reached target Paths.
[[0;32m  OK  [0m] Started Daily apt upgrade and clean activities.
[[0;32m  OK  [0m] Reached target Timers.
[[0;32m  OK  [0m] Listening on cloud-init hotplug hook socket.
[[0;32m  OK  [0m] Reached target Network is Online.
[[0;32m  OK  [0m] Reached target Remote File Systems (Pre).
         Starting Availability of block devices...
         Mounting /vagrant...
[[0;32m  OK  [0m] Listening on LXD - unix socket.
[[0;32m  OK  [0m] Listening on Socket activation for snappy daemon.
[[0;32m  OK  [0m] Started Availability of block devices.
[[0;32m  OK  [0m] Reached target Sockets.
[[0;32m  OK  [0m] Reached target Basic System.
[[0;32m  OK  [0m] Started Regular background program processing daemon.
         Starting LSB: Record successful boot for GRUB...
         Starting Virtualbox guest utils...
         Starting Accounts Service...
         Starting System Logging Service...
[[0;32m  OK  [0m] Started irqbalance daemon.
[[0;32m  OK  [0m] Started Service for snap application docker.dockerd.
[[0;32m  OK  [0m] Started Deferred execution scheduler.
[[0;32m  OK  [0m] Started FUSE filesystem for LXC.
         Starting OpenBSD Secure Shell server...
         Starting MySQL Community Server...
         Starting LXD - container startup/shutdown...
[[0;32m  OK  [0m] Started D-Bus System Message Bus.
         Starting Login Service...
         Starting Dispatcher daemon for systemd-networkd...
         Starting Snap Daemon...
         Starting Clean php session files...
[[0;32m  OK  [0m] Started System Logging Service.
[[0;32m  OK  [0m] Mounted /vagrant.
[[0;32m  OK  [0m] Reached target Remote File Systems.
         Starting The Apache HTTP Server...
         Starting LSB: automatic crash report generation...
         Starting Permit User Sessions...
[[0;32m  OK  [0m] Started OpenBSD Secure Shell server.
[[0;32m  OK  [0m] Started Permit User Sessions.
         Starting Terminate Plymouth Boot Screen...
         Starting Hold until boot process finishes up...
         Starting Authorization Manager...
[[0;32m  OK  [0m] Started Hold until boot process finishes up.
         Starting Set console scheme...
[[0;32m  OK  [0m] Started Serial Getty on ttyS0.
[[0;32m  OK  [0m] Started Terminate Plymouth Boot Screen.
[[0;32m  OK  [0m] Started Login Service.
[[0;32m  OK  [0m] Started Unattended Upgrades Shutdown.
[[0;32m  OK  [0m] Started LSB: automatic crash report generation.
[[0;32m  OK  [0m] Started Set console scheme.
[[0;32m  OK  [0m] Created slice system-getty.slice.
[[0;32m  OK  [0m] Started Getty on tty1.
[[0;32m  OK  [0m] Reached target Login Prompts.
[[0;32m  OK  [0m] Started LSB: Record successful boot for GRUB.
[[0;32m  OK  [0m] Started Virtualbox guest utils.
[[0;32m  OK  [0m] Started Authorization Manager.
[[0;32m  OK  [0m] Started Accounts Service.
[[0;32m  OK  [0m] Created slice User Slice of vagrant.
[[0;32m  OK  [0m] Started Dispatcher daemon for systemd-networkd.
[[0;32m  OK  [0m] Started Session 1 of user vagrant.
         Starting User Manager for UID 1000...

Ubuntu 18.04.6 LTS ubuntu-bionic ttyS0

ubuntu-bionic login: [   38.390701] aufs aufs_fill_super:912:mount[1406]: no arg
[   38.712754] overlayfs: missing 'lowerdir'
[   47.831636] cloud-init[1681]: Cloud-init v. 21.3-1-g6803368d-0ubuntu1~18.04.4 running 'modules:config' at Tue, 02 Nov 2021 14:20:00 +0000. Up 47.05 seconds.
[   56.212897] cloud-init[2193]: Cloud-init v. 21.3-1-g6803368d-0ubuntu1~18.04.4 running 'modules:final' at Tue, 02 Nov 2021 14:20:09 +0000. Up 55.88 seconds.
[   56.216934] cloud-init[2193]: Cloud-init v. 21.3-1-g6803368d-0ubuntu1~18.04.4 finished at Tue, 02 Nov 2021 14:20:09 +0000. Datasource DataSourceNoCloud [seed=/dev/sdb][dsmode=net].  Up 56.19 seconds
